61098	M1 0 0,9,72,5,6,7	M2 0 0,15,140,5,6,7	F3 1/1 147,0,5	F4 0/0 0,131,5	M5 0 0,9,83,5,6,7	M6 0 0,6,56,5,6,7
61270	M1 0 8,14,58	M2 0 0,6,52	F3 0/0 0,6,56	F4 0/0 0,15,117	M5 0 0,6,45	M6 0 0,12,87
61275	M1 0 0,3,13	M2 0 0,3,28	F3 0/0 8,0,41	F4 0/0 0,12,97	M5 0 0,6,49	M6 0 0,9,67
61282	M1 0/1 15,3,0	M2 0/0 0,6,51	F3 0 6,0,31	F4 0 0,6,57	M5 0/1 7,0,19	M6 0/1 16,0,20
61795	M1 0/0 0,27,203	M2 0/0 0,21,174	F3 0 0,45,229	F4 0 0,27,199	M5 0/0 0,24,182	M6 0/0 0,9,85
62731	M1 0/0 0,27,194	M2 0/0 0,24,194	F3 0 0,18,141	F4 0 0,30,201	M5 0/0 0,18,153	M6 0/0 0,33,202
63008	M1 0/0 0,42,255	M2 0/0 0,15,128	F3 0 0,15,136	F4 0 0,39,251	M5 0/0 0,15,111	M6 0/0 0,27,200
63231	M1 0/0 0,42,246	M2 0/0 0,18,141	F3 0 0,27,209	F4 0 0,24,186	M5 0/0 0,12,110	M6 0/0 0,21,145
63244	M1 0 0,36,209	M2 0 0,21,174	F3 . 0,27,198	F4 . 0,24,184	M5 0 0,15,132	M6 0 0,21,159
63328	M1 0 0,42,242	M2 0 0,12,110	F3 . 0,36,231	F4 . 0,36,226	M5 0 0,15,135	M6 0 0,18,132
63452	M1 0 0,27,200	M2 0 0,15,123	F3 . 0,33,228	F4 . 0,9,88	M5 0 0,24,171	M6 0 0,15,134
63799	M1 0 0,36,211	M2 0 0,27,205	F3 . 0,18,125	F4 . 0,15,125	M5 0 1,0,150	M6 0 0,12,106
63967	M1 0 0,30,183	M2 0 0,30,206	F3 . 0,30,206	F4 . 0,33,230	M5 0 0,21,160	M6 0 0,12,112
65288	M1 . 0,18,155	M2 . 0,12,113	F3 0 0,18,144	F4 0 0,21,155	M5 . 0,21,176	M6 . 0,6,63
65900	M1 . 162,24,0	M2 . 160,21,0	F3 1 219,30,0	F4 1 213,30,0	M5 . 248,42,0	M6 . 148,21,0
65951	M1 . 0,18,125	M2 . 0,15,132	F3 0 0,24,183	F4 0 0,45,252	M5 . 0,30,217	M6 . 0,15,101
66370	M1 . 255,57,0	M2 . 193,24,0	F3 1 97,12,0	F4 1 208,30,0	M5 . 129,15,0	M6 . 72,9,0
67184	M1 . 0,33,202	M2 . 0,6,57	F3 0 0,42,223	F4 0 0,21,142	M5 . 0,30,181	M6 . 0,33,201
67760	M1 . 0,42,224	M2 . 0,9,77	F3 0 0,45,243	F4 0 0,21,147	M5 . 0,33,205	M6 . 0,12,102
68303	M1 . 0,33,205	M2 . 0,33,236	F3 0 0,33,214	F4 0 0,27,197	M5 . 0,18,149	M6 . 0,9,72
68618	M1 0/0 0,24,176	M2 0/0 0,30,214	F3 0/0 0,21,159	F4 0/0 0,24,191	M5 0/0 0,15,133	M6 0/0 0,18,133
